<?xml version="1.0" encoding="UTF-8"?>
<testng-results skipped="0" failed="0" total="1" passed="1">
  <reporter-output>
  </reporter-output>
  <suite name="Default suite" duration-ms="25002" started-at="2020-02-20T07:52:35Z" finished-at="2020-02-20T07:53:00Z">
    <groups>
    </groups>
    <test name="Default test" duration-ms="25002" started-at="2020-02-20T07:52:35Z" finished-at="2020-02-20T07:53:00Z">
      <class name="com.altemetrics.flipkartTest.FlipkartTest">
        <test-method status="PASS" signature="setUp()[pri:0, instance:com.altemetrics.flipkartTest.FlipkartTest@4cc0edeb]" name="setUp" is-config="true" duration-ms="7980" started-at="2020-02-20T13:22:35Z" finished-at="2020-02-20T13:22:43Z">
          <reporter-output>
          </reporter-output>
        </test-method> <!-- setUp -->
        <test-method status="PASS" signature="testScenario()[pri:0, instance:com.altemetrics.flipkartTest.FlipkartTest@4cc0edeb]" name="testScenario" duration-ms="16298" started-at="2020-02-20T13:22:43Z" finished-at="2020-02-20T13:23:00Z">
          <reporter-output>
          </reporter-output>
        </test-method> <!-- testScenario -->
        <test-method status="PASS" signature="tearDown()[pri:0, instance:com.altemetrics.flipkartTest.FlipkartTest@4cc0edeb]" name="tearDown" is-config="true" duration-ms="691" started-at="2020-02-20T13:23:00Z" finished-at="2020-02-20T13:23:00Z">
          <reporter-output>
          </reporter-output>
        </test-method> <!-- tearDown -->
      </class> <!-- com.altemetrics.flipkartTest.FlipkartTest -->
    </test> <!-- Default test -->
  </suite> <!-- Default suite -->
</testng-results>
